<?xml version="1.0" encoding="utf-8" standalone="no"?>
<!--This file represents the results of running a test suite-->
<test-results name="C:\SIGMA\ESTUDOS\Exemplos\MemorialDescritivo2\MemorialDescritivo2\bin\Debug\nunit.framework.dll" total="0" errors="0" failures="0" not-run="0" inconclusive="0" ignored="0" skipped="0" invalid="0" date="2013-12-24" time="16:31:22">
  <environment nunit-version="2.6.3.13283" clr-version="2.0.50727.5420" os-version="Microsoft Windows NT 6.1.7601 Service Pack 1" platform="Win32NT" cwd="C:\Program Files (x86)\NUnit 2.6.3\bin" machine-name="WILLPC" user="WiLL" user-domain="WILLPC" />
  <culture-info current-culture="pt-BR" current-uiculture="pt-BR" />
  <test-suite type="Assembly" name="C:\SIGMA\ESTUDOS\Exemplos\MemorialDescritivo2\MemorialDescritivo2\bin\Debug\nunit.framework.dll" executed="True" result="Inconclusive" success="False" time="0.000" asserts="0" />
</test-results>